make all --print-data-base --no-builtin-variables --no-builtin-rules --question
make: *** No rule to make target 'all'.  Stop.

# GNU Make 4.3
# Built for x86_64-pc-linux-gnu
# Copyright (C) 1988-2020 Free Software Foundation, Inc.
# License GPLv3+: GNU GPL version 3 or later <http://gnu.org/licenses/gpl.html>
# This is free software: you are free to change and redistribute it.
# There is NO WARRANTY, to the extent permitted by law.

# Make data base, printed on Thu Apr 20 21:35:39 2023

# Variables

# environment
GDK_BACKEND = x11
# environment
LC_ALL = C
# environment
GNOME_SHELL_SESSION_MODE = ubuntu
# environment
SSH_AGENT_LAUNCHER = gnome-keyring
# environment
GJS_DEBUG_OUTPUT = stderr
# environment
VSCODE_CRASH_REPORTER_PROCESS_TYPE = extensionHost
# environment
VSCODE_CWD = /home/yuval
# default
MAKE_COMMAND := make
# environment
QT_ACCESSIBILITY = 1
# makefile (from 'Makefile', line 8)
TIDY_FLAGS = -extra-arg=-std=$(CXXVERSION) -checks=bugprone-*,clang-analyzer-*,cppcoreguidelines-*,performance-*,portability-*,readability-*,-cppcoreguidelines-pro-bounds-pointer-arithmetic,-cppcoreguidelines-owning-memory --warnings-as-errors=*
# automatic
@D = $(patsubst %/,%,$(dir $@))
# makefile (from 'Makefile', line 5)
SOURCE_PATH = sources
# environment
VSCODE_HANDLES_UNCAUGHT_ERRORS = true
# default
.VARIABLES := 
# environment
PWD = /home/yuval/Documents/EX2B-CPP
# automatic
%D = $(patsubst %/,%,$(dir $%))
# environment
XDG_DATA_DIRS = /usr/share/ubuntu:/usr/local/share/:/usr/share/:/var/lib/snapd/desktop
# automatic
^D = $(patsubst %/,%,$(dir $^))
# automatic
%F = $(notdir $%)
# environment
VSCODE_CODE_CACHE_PATH = /home/yuval/.config/Code/CachedData/ee2b180d582a7f601fa6ecfdad8d9fd269ab1884
# environment
LANG = C
# environment
XAUTHORITY = /run/user/1000/.mutter-Xwaylandauth.ADVK31
# default
.LOADED := 
# default
.INCLUDE_DIRS = /usr/local/include /usr/include /usr/include
# makefile
MAKEFLAGS = pqrR
# makefile (from 'Makefile', line 9)
VALGRIND_FLAGS = -v --leak-check=full --show-leak-kinds=all  --error-exitcode=99
# makefile
CURDIR := /home/yuval/Documents/EX2B-CPP
# environment
APPLICATION_INSIGHTS_NO_DIAGNOSTIC_CHANNEL = 1
# environment
LESSOPEN = | /usr/bin/lesspipe %s
# automatic
*D = $(patsubst %/,%,$(dir $*))
# environment
MFLAGS = -pqrR
# environment
SSH_AUTH_SOCK = /run/user/1000/keyring/ssh
# default
.SHELLFLAGS := -c
# environment
WAYLAND_DISPLAY = wayland-0
# environment
XDG_CONFIG_DIRS = /etc/xdg/xdg-ubuntu:/etc/xdg
# automatic
+D = $(patsubst %/,%,$(dir $+))
# environment
XDG_SESSION_DESKTOP = ubuntu
# makefile (from 'Makefile', line 1)
MAKEFILE_LIST := Makefile
# automatic
@F = $(notdir $@)
# environment
VSCODE_PID = 5179
# environment
XDG_SESSION_TYPE = wayland
# automatic
?D = $(patsubst %/,%,$(dir $?))
# environment
SESSION_MANAGER = local/yuval:@/tmp/.ICE-unix/1459,unix/yuval:/tmp/.ICE-unix/1459
# automatic
*F = $(notdir $*)
# environment
CHROME_DESKTOP = code-url-handler.desktop
# environment
DBUS_SESSION_BUS_ADDRESS = unix:path=/run/user/1000/bus
# automatic
<D = $(patsubst %/,%,$(dir $<))
# environment
VSCODE_NLS_CONFIG = {"locale":"en-il","availableLanguages":{},"_languagePackSupport":true}
# default
MAKE_HOST := x86_64-pc-linux-gnu
# environment
GNOME_DESKTOP_SESSION_ID = this-is-deprecated
# makefile
SHELL = /bin/sh
# default
MAKECMDGOALS := all
# environment
XMODIFIERS = @im=ibus
# makefile (from 'Makefile', line 12)
HEADERS = $(wildcard $(SOURCE_PATH)/*.hpp)
# environment
GJS_DEBUG_TOPICS = JS ERROR;JS LOG
# environment
SHLVL = 0
# environment
MAKELEVEL := 0
# environment
IM_CONFIG_CHECK_ENV = 1
# default
MAKE = $(MAKE_COMMAND)
# environment
PATH = /usr/local/sbin:/usr/local/bin:/usr/sbin:/usr/bin:/sbin:/bin:/usr/games:/usr/local/games:/snap/bin:/snap/bin
# default
MAKEFILES := 
# environment
LANGUAGE = en_IL:en
# automatic
^F = $(notdir $^)
# environment
INVOCATION_ID = 99979518b3594b639e3c4e7b5ce66d7b
# environment
USERNAME = yuval
# environment
GNOME_SETUP_DISPLAY = :1
# environment
LESSCLOSE = /usr/bin/lesspipe %s %s
# automatic
?F = $(notdir $?)
# environment
XDG_CURRENT_DESKTOP = Unity
# automatic
+F = $(notdir $+)
# environment
DESKTOP_SESSION = ubuntu
# environment
ORIGINAL_XDG_CURRENT_DESKTOP = ubuntu:GNOME
# makefile (from 'Makefile', line 13)
OBJECTS = $(subst sources/,objects/,$(subst .cpp,.o,$(SOURCES)))
# 'override' directive
GNUMAKEFLAGS := 
# environment
LOGNAME = yuval
# environment
GIO_LAUNCHED_DESKTOP_FILE = /usr/share/applications/code.desktop
# makefile
.DEFAULT_GOAL := run
# environment
SYSTEMD_EXEC_PID = 1480
# environment
DISPLAY = :0
# environment
USER = yuval
# environment
GTK_MODULES = gail:atk-bridge
# default
 
MAKE_VERSION := 4.3
# environment
MANAGERPID = 1332
# environment
GIO_LAUNCHED_DESKTOP_FILE_PID = 5179
# environment
_ = /usr/share/code/code
# environment
XDG_RUNTIME_DIR = /run/user/1000
# environment
JOURNAL_STREAM = 8:23661
# environment
XDG_SESSION_CLASS = user
# environment
VSCODE_AMD_ENTRYPOINT = vs/workbench/api/node/extensionHostProcess
# environment
HOME = /home/yuval
# environment
QT_IM_MODULE = ibus
# environment
ELECTRON_RUN_AS_NODE = 1
# environment
VSCODE_IPC_HOOK = /run/user/1000/vscode-e9bddc91-1.76-main.sock
# environment
IM_CONFIG_PHASE = 1
# default
.RECIPEPREFIX := 
# automatic
<F = $(notdir $<)
# default
SUFFIXES := 
# makefile (from 'Makefile', line 7)
CXXFLAGS = -std=$(CXXVERSION) -Werror -Wsign-conversion -I$(SOURCE_PATH)
# default
.FEATURES := target-specific order-only second-expansion else-if shortest-stem undefine oneshell nocomment grouped-target extra-prereqs archives jobserver output-sync check-symlink load
# makefile (from 'Makefile', line 4)
CXXVERSION = c++2a
# makefile (from 'Makefile', line 3)
CXX = clang++-14
# makefile (from 'Makefile', line 6)
OBJECT_PATH = objects
# makefile (from 'Makefile', line 11)
SOURCES = $(wildcard $(SOURCE_PATH)/*.cpp)
# environment
XDG_MENU_PREFIX = gnome-
# environment
GDMSESSION = ubuntu
# variable set hash-table stats:
# Load=105/1024=10%, Rehash=0, Collisions=6/147=4%

# Pattern-specific Variable Values

# No pattern-specific variable values.

# Directories

# . (device 2051, inode 788194): 16 files, no impossibilities.
# sources (device 2051, inode 794977): 12 files, no impossibilities.

# 28 files, no impossibilities in 2 directories.

# Implicit Rules

%.o: %.cpp sources/card.hpp sources/deck.hpp sources/game.hpp sources/player.hpp
#  recipe to execute (from 'Makefile', line 30):
	$(CXX) $(CXXFLAGS) --compile $< -o $@

objects/%.o: sources/%.cpp sources/card.hpp sources/deck.hpp sources/game.hpp sources/player.hpp
#  recipe to execute (from 'Makefile', line 33):
	$(CXX) $(CXXFLAGS) --compile $< -o $@

# 2 implicit rules, 0 (0.0%) terminal.
# Files

# Not a target:
Makefile:
#  Implicit rule search has been done.
#  Last modified 2023-04-06 22:08:54
#  File has been updated.
#  Successfully updated.

# Not a target:
Demo.o:
#  Implicit rule search has not been done.
#  Modification time never checked.
#  File has not been updated.

# Not a target:
objects/player.o:
#  Implicit rule search has not been done.
#  Modification time never checked.
#  File has not been updated.

tidy:
#  Implicit rule search has not been done.
#  Modification time never checked.
#  File has not been updated.
#  recipe to execute (from 'Makefile', line 24):
	clang-tidy $(HEADERS) $(TIDY_FLAGS) --

clean:
#  Implicit rule search has not been done.
#  Modification time never checked.
#  File has not been updated.
#  recipe to execute (from 'Makefile', line 36):
	rm -f $(OBJECTS) *.o test* demo*

valgrind: test1
#  Implicit rule search has not been done.
#  Modification time never checked.
#  File has not been updated.
#  recipe to execute (from 'Makefile', line 27):
	valgrind --tool=memcheck $(VALGRIND_FLAGS) ./test1 2>&1 | { egrep "lost| at " || true; }

# Not a target:
objects/card.o:
#  Implicit rule search has not been done.
#  Modification time never checked.
#  File has not been updated.

# Not a target:
objects/deck.o:
#  Implicit rule search has not been done.
#  Modification time never checked.
#  File has not been updated.

# Not a target:
objects/game.o:
#  Implicit rule search has not been done.
#  Modification time never checked.
#  File has not been updated.

# Not a target:
objects/myMainTest.o:
#  Implicit rule search has not been done.
#  Modification time never checked.
#  File has not been updated.

# Not a target:
.DEFAULT:
#  Implicit rule search has not been done.
#  Modification time never checked.
#  File has not been updated.

# Not a target:
StudentTest1.o:
#  Implicit rule search has not been done.
#  Modification time never checked.
#  File has not been updated.

# Not a target:
all:
#  Command line target.
#  Implicit rule search has been done.
#  File does not exist.
#  File has not been updated.

run: test1
#  Implicit rule search has not been done.
#  Modification time never checked.
#  File has not been updated.

demo: Demo.o objects/card.o objects/deck.o objects/game.o objects/myMainTest.o objects/player.o
#  Implicit rule search has not been done.
#  Modification time never checked.
#  File has not been updated.
#  recipe to execute (from 'Makefile', line 18):
	$(CXX) $(CXXFLAGS) $^ -o $@

test1: TestRunner.o StudentTest1.o objects/card.o objects/deck.o objects/game.o objects/myMainTest.o objects/player.o
#  Implicit rule search has not been done.
#  Modification time never checked.
#  File has not been updated.
#  recipe to execute (from 'Makefile', line 21):
	$(CXX) $(CXXFLAGS) $^ -o $@

# Not a target:
TestRunner.o:
#  Implicit rule search has not been done.
#  Modification time never checked.
#  File has not been updated.

# files hash-table stats:
# Load=18/1024=2%, Rehash=0, Collisions=0/44=0%
# VPATH Search Paths

# No 'vpath' search paths.

# No general ('VPATH' variable) search path.

# strcache buffers: 1 (0) / strings = 50 / storage = 522 B / avg = 10 B
# current buf: size = 8162 B / used = 522 B / count = 50 / avg = 10 B

# strcache performance: lookups = 77 / hit rate = 35%
# hash-table stats:
# Load=50/8192=1%, Rehash=0, Collisions=0/77=0%
# Finished Make data base on Thu Apr 20 21:35:39 2023

 
